<?xml version="1.0" encoding="UTF-8"?>
<testsuite xmlns:xsi="http://www.w3.org/2001/XMLSchema-instance" xsi:noNamespaceSchemaLocation="https://maven.apache.org/surefire/maven-surefire-plugin/xsd/surefire-test-report-3.0.xsd" version="3.0" name="TestSuite" time="148.588" tests="14" errors="0" skipped="0" failures="0">
  <properties>
    <property name="java.specification.version" value="23"/>
    <property name="webdriver.chrome.driver" value="/Users/testvagrant/.cache/selenium/chromedriver/mac-x64/130.0.6723.116/chromedriver"/>
    <property name="sun.jnu.encoding" value="UTF-8"/>
    <property name="java.class.path" value="/Users/testvagrant/Documents/IntelliJ Projects/WebAutomation/WebAutomation/target/test-classes:/Users/testvagrant/Documents/IntelliJ Projects/WebAutomation/WebAutomation/target/classes:/Users/testvagrant/.m2/repository/org/testng/testng/7.10.2/testng-7.10.2.jar:/Users/testvagrant/.m2/repository/org/slf4j/slf4j-api/1.7.36/slf4j-api-1.7.36.jar:/Users/testvagrant/.m2/repository/com/beust/jcommander/1.82/jcommander-1.82.jar:/Users/testvagrant/.m2/repository/org/webjars/jquery/3.7.1/jquery-3.7.1.jar:/Users/testvagrant/.m2/repository/org/seleniumhq/selenium/selenium-java/4.25.0/selenium-java-4.25.0.jar:/Users/testvagrant/.m2/repository/org/seleniumhq/selenium/selenium-api/4.25.0/selenium-api-4.25.0.jar:/Users/testvagrant/.m2/repository/org/jspecify/jspecify/1.0.0/jspecify-1.0.0.jar:/Users/testvagrant/.m2/repository/org/seleniumhq/selenium/selenium-chrome-driver/4.25.0/selenium-chrome-driver-4.25.0.jar:/Users/testvagrant/.m2/repository/com/google/auto/service/auto-service-annotations/1.1.1/auto-service-annotations-1.1.1.jar:/Users/testvagrant/.m2/repository/org/seleniumhq/selenium/selenium-chromium-driver/4.25.0/selenium-chromium-driver-4.25.0.jar:/Users/testvagrant/.m2/repository/org/seleniumhq/selenium/selenium-json/4.25.0/selenium-json-4.25.0.jar:/Users/testvagrant/.m2/repository/org/seleniumhq/selenium/selenium-manager/4.25.0/selenium-manager-4.25.0.jar:/Users/testvagrant/.m2/repository/org/seleniumhq/selenium/selenium-devtools-v127/4.25.0/selenium-devtools-v127-4.25.0.jar:/Users/testvagrant/.m2/repository/org/seleniumhq/selenium/selenium-devtools-v128/4.25.0/selenium-devtools-v128-4.25.0.jar:/Users/testvagrant/.m2/repository/org/seleniumhq/selenium/selenium-devtools-v129/4.25.0/selenium-devtools-v129-4.25.0.jar:/Users/testvagrant/.m2/repository/org/seleniumhq/selenium/selenium-devtools-v85/4.25.0/selenium-devtools-v85-4.25.0.jar:/Users/testvagrant/.m2/repository/org/seleniumhq/selenium/selenium-edge-driver/4.25.0/selenium-edge-driver-4.25.0.jar:/Users/testvagrant/.m2/repository/org/seleniumhq/selenium/selenium-firefox-driver/4.25.0/selenium-firefox-driver-4.25.0.jar:/Users/testvagrant/.m2/repository/org/seleniumhq/selenium/selenium-http/4.25.0/selenium-http-4.25.0.jar:/Users/testvagrant/.m2/repository/dev/failsafe/failsafe/3.3.2/failsafe-3.3.2.jar:/Users/testvagrant/.m2/repository/org/seleniumhq/selenium/selenium-ie-driver/4.25.0/selenium-ie-driver-4.25.0.jar:/Users/testvagrant/.m2/repository/org/seleniumhq/selenium/selenium-remote-driver/4.25.0/selenium-remote-driver-4.25.0.jar:/Users/testvagrant/.m2/repository/com/google/guava/guava/33.3.0-jre/guava-33.3.0-jre.jar:/Users/testvagrant/.m2/repository/com/google/guava/failureaccess/1.0.2/failureaccess-1.0.2.jar:/Users/testvagrant/.m2/repository/com/google/guava/listenablefuture/9999.0-empty-to-avoid-conflict-with-guava/listenablefuture-9999.0-empty-to-avoid-conflict-with-guava.jar:/Users/testvagrant/.m2/repository/org/checkerframework/checker-qual/3.43.0/checker-qual-3.43.0.jar:/Users/testvagrant/.m2/repository/com/google/errorprone/error_prone_annotations/2.28.0/error_prone_annotations-2.28.0.jar:/Users/testvagrant/.m2/repository/com/google/j2objc/j2objc-annotations/3.0.0/j2objc-annotations-3.0.0.jar:/Users/testvagrant/.m2/repository/io/opentelemetry/semconv/opentelemetry-semconv/1.25.0-alpha/opentelemetry-semconv-1.25.0-alpha.jar:/Users/testvagrant/.m2/repository/io/opentelemetry/opentelemetry-api/1.42.1/opentelemetry-api-1.42.1.jar:/Users/testvagrant/.m2/repository/io/opentelemetry/opentelemetry-context/1.42.1/opentelemetry-context-1.42.1.jar:/Users/testvagrant/.m2/repository/io/opentelemetry/opentelemetry-exporter-logging/1.42.1/opentelemetry-exporter-logging-1.42.1.jar:/Users/testvagrant/.m2/repository/io/opentelemetry/opentelemetry-sdk-common/1.42.1/opentelemetry-sdk-common-1.42.1.jar:/Users/testvagrant/.m2/repository/io/opentelemetry/opentelemetry-sdk-extension-autoconfigure-spi/1.42.1/opentelemetry-sdk-extension-autoconfigure-spi-1.42.1.jar:/Users/testvagrant/.m2/repository/io/opentelemetry/opentelemetry-sdk-extension-autoconfigure/1.42.1/opentelemetry-sdk-extension-autoconfigure-1.42.1.jar:/Users/testvagrant/.m2/repository/io/opentelemetry/opentelemetry-api-incubator/1.42.1-alpha/opentelemetry-api-incubator-1.42.1-alpha.jar:/Users/testvagrant/.m2/repository/io/opentelemetry/opentelemetry-sdk-trace/1.42.1/opentelemetry-sdk-trace-1.42.1.jar:/Users/testvagrant/.m2/repository/io/opentelemetry/opentelemetry-sdk/1.42.1/opentelemetry-sdk-1.42.1.jar:/Users/testvagrant/.m2/repository/io/opentelemetry/opentelemetry-sdk-metrics/1.42.1/opentelemetry-sdk-metrics-1.42.1.jar:/Users/testvagrant/.m2/repository/io/opentelemetry/opentelemetry-sdk-logs/1.42.1/opentelemetry-sdk-logs-1.42.1.jar:/Users/testvagrant/.m2/repository/net/bytebuddy/byte-buddy/1.15.1/byte-buddy-1.15.1.jar:/Users/testvagrant/.m2/repository/org/seleniumhq/selenium/selenium-os/4.25.0/selenium-os-4.25.0.jar:/Users/testvagrant/.m2/repository/org/apache/commons/commons-exec/1.4.0/commons-exec-1.4.0.jar:/Users/testvagrant/.m2/repository/org/seleniumhq/selenium/selenium-safari-driver/4.25.0/selenium-safari-driver-4.25.0.jar:/Users/testvagrant/.m2/repository/org/seleniumhq/selenium/selenium-support/4.25.0/selenium-support-4.25.0.jar:/Users/testvagrant/.m2/repository/io/rest-assured/rest-assured/5.3.0/rest-assured-5.3.0.jar:/Users/testvagrant/.m2/repository/org/apache/groovy/groovy/4.0.6/groovy-4.0.6.jar:/Users/testvagrant/.m2/repository/org/apache/groovy/groovy-xml/4.0.6/groovy-xml-4.0.6.jar:/Users/testvagrant/.m2/repository/org/apache/httpcomponents/httpclient/4.5.13/httpclient-4.5.13.jar:/Users/testvagrant/.m2/repository/org/apache/httpcomponents/httpcore/4.4.13/httpcore-4.4.13.jar:/Users/testvagrant/.m2/repository/commons-logging/commons-logging/1.2/commons-logging-1.2.jar:/Users/testvagrant/.m2/repository/commons-codec/commons-codec/1.11/commons-codec-1.11.jar:/Users/testvagrant/.m2/repository/org/apache/httpcomponents/httpmime/4.5.13/httpmime-4.5.13.jar:/Users/testvagrant/.m2/repository/org/hamcrest/hamcrest/2.1/hamcrest-2.1.jar:/Users/testvagrant/.m2/repository/org/ccil/cowan/tagsoup/tagsoup/1.2.1/tagsoup-1.2.1.jar:/Users/testvagrant/.m2/repository/io/rest-assured/json-path/5.3.0/json-path-5.3.0.jar:/Users/testvagrant/.m2/repository/org/apache/groovy/groovy-json/4.0.6/groovy-json-4.0.6.jar:/Users/testvagrant/.m2/repository/io/rest-assured/rest-assured-common/5.3.0/rest-assured-common-5.3.0.jar:/Users/testvagrant/.m2/repository/io/rest-assured/xml-path/5.3.0/xml-path-5.3.0.jar:/Users/testvagrant/.m2/repository/io/rest-assured/json-schema-validator/5.3.0/json-schema-validator-5.3.0.jar:/Users/testvagrant/.m2/repository/com/github/java-json-tools/json-schema-validator/2.2.14/json-schema-validator-2.2.14.jar:/Users/testvagrant/.m2/repository/com/github/java-json-tools/jackson-coreutils-equivalence/1.0/jackson-coreutils-equivalence-1.0.jar:/Users/testvagrant/.m2/repository/com/github/java-json-tools/jackson-coreutils/2.0/jackson-coreutils-2.0.jar:/Users/testvagrant/.m2/repository/com/github/java-json-tools/msg-simple/1.2/msg-simple-1.2.jar:/Users/testvagrant/.m2/repository/com/github/java-json-tools/btf/1.3/btf-1.3.jar:/Users/testvagrant/.m2/repository/com/github/java-json-tools/json-schema-core/1.2.14/json-schema-core-1.2.14.jar:/Users/testvagrant/.m2/repository/com/github/java-json-tools/uri-template/0.10/uri-template-0.10.jar:/Users/testvagrant/.m2/repository/org/mozilla/rhino/1.7.7.2/rhino-1.7.7.2.jar:/Users/testvagrant/.m2/repository/com/sun/mail/mailapi/1.6.2/mailapi-1.6.2.jar:/Users/testvagrant/.m2/repository/joda-time/joda-time/2.10.5/joda-time-2.10.5.jar:/Users/testvagrant/.m2/repository/com/googlecode/libphonenumber/libphonenumber/8.11.1/libphonenumber-8.11.1.jar:/Users/testvagrant/.m2/repository/com/google/code/findbugs/jsr305/3.0.2/jsr305-3.0.2.jar:/Users/testvagrant/.m2/repository/net/sf/jopt-simple/jopt-simple/5.0.4/jopt-simple-5.0.4.jar:/Users/testvagrant/.m2/repository/com/fasterxml/jackson/core/jackson-databind/2.13.0/jackson-databind-2.13.0.jar:/Users/testvagrant/.m2/repository/com/fasterxml/jackson/core/jackson-annotations/2.13.0/jackson-annotations-2.13.0.jar:/Users/testvagrant/.m2/repository/com/fasterxml/jackson/core/jackson-core/2.13.0/jackson-core-2.13.0.jar:/Users/testvagrant/.m2/repository/io/github/bonigarcia/webdrivermanager/5.4.1/webdrivermanager-5.4.1.jar:/Users/testvagrant/.m2/repository/com/google/code/gson/gson/2.10.1/gson-2.10.1.jar:/Users/testvagrant/.m2/repository/com/github/docker-java/docker-java/3.3.2/docker-java-3.3.2.jar:/Users/testvagrant/.m2/repository/com/github/docker-java/docker-java-core/3.3.2/docker-java-core-3.3.2.jar:/Users/testvagrant/.m2/repository/com/github/docker-java/docker-java-api/3.3.2/docker-java-api-3.3.2.jar:/Users/testvagrant/.m2/repository/commons-io/commons-io/2.6/commons-io-2.6.jar:/Users/testvagrant/.m2/repository/org/apache/commons/commons-compress/1.21/commons-compress-1.21.jar:/Users/testvagrant/.m2/repository/org/bouncycastle/bcpkix-jdk15on/1.64/bcpkix-jdk15on-1.64.jar:/Users/testvagrant/.m2/repository/org/bouncycastle/bcprov-jdk15on/1.64/bcprov-jdk15on-1.64.jar:/Users/testvagrant/.m2/repository/org/slf4j/jcl-over-slf4j/1.7.30/jcl-over-slf4j-1.7.30.jar:/Users/testvagrant/.m2/repository/com/github/docker-java/docker-java-transport-httpclient5/3.3.2/docker-java-transport-httpclient5-3.3.2.jar:/Users/testvagrant/.m2/repository/com/github/docker-java/docker-java-transport/3.3.2/docker-java-transport-3.3.2.jar:/Users/testvagrant/.m2/repository/net/java/dev/jna/jna/5.12.1/jna-5.12.1.jar:/Users/testvagrant/.m2/repository/org/brotli/dec/0.1.2/dec-0.1.2.jar:/Users/testvagrant/.m2/repository/org/apache/commons/commons-lang3/3.12.0/commons-lang3-3.12.0.jar:/Users/testvagrant/.m2/repository/org/apache/httpcomponents/client5/httpclient5/5.2.1/httpclient5-5.2.1.jar:/Users/testvagrant/.m2/repository/org/apache/httpcomponents/core5/httpcore5/5.2/httpcore5-5.2.jar:/Users/testvagrant/.m2/repository/org/apache/httpcomponents/core5/httpcore5-h2/5.2/httpcore5-h2-5.2.jar:/Users/testvagrant/.m2/repository/junit/junit/4.13.2/junit-4.13.2.jar:/Users/testvagrant/.m2/repository/org/hamcrest/hamcrest-core/1.3/hamcrest-core-1.3.jar:/Users/testvagrant/.m2/repository/com/aventstack/extentreports/5.1.1/extentreports-5.1.1.jar:/Users/testvagrant/.m2/repository/io/reactivex/rxjava3/rxjava/3.1.6/rxjava-3.1.6.jar:/Users/testvagrant/.m2/repository/org/reactivestreams/reactive-streams/1.0.4/reactive-streams-1.0.4.jar:/Users/testvagrant/.m2/repository/org/freemarker/freemarker/2.3.32/freemarker-2.3.32.jar:/Users/testvagrant/.m2/repository/org/projectlombok/lombok/1.18.26/lombok-1.18.26.jar:"/>
    <property name="java.vm.vendor" value="Homebrew"/>
    <property name="sun.arch.data.model" value="64"/>
    <property name="java.vendor.url" value="https://github.com/Homebrew/homebrew-core/issues"/>
    <property name="user.timezone" value="Asia/Kolkata"/>
    <property name="os.name" value="Mac OS X"/>
    <property name="java.vm.specification.version" value="23"/>
    <property name="sun.java.launcher" value="SUN_STANDARD"/>
    <property name="user.country" value="IN"/>
    <property name="sun.boot.library.path" value="/usr/local/Cellar/openjdk/23.0.1/libexec/openjdk.jdk/Contents/Home/lib"/>
    <property name="sun.java.command" value="/Users/testvagrant/Documents/IntelliJ Projects/WebAutomation/WebAutomation/target/surefire/surefirebooter-20241108174255165_3.jar /Users/testvagrant/Documents/IntelliJ Projects/WebAutomation/WebAutomation/target/surefire 2024-11-08T17-42-54_943-jvmRun1 surefire-20241108174255165_1tmp surefire_0-20241108174255165_2tmp"/>
    <property name="http.nonProxyHosts" value="local|*.local|169.254/16|*.169.254/16"/>
    <property name="jdk.debug" value="release"/>
    <property name="surefire.test.class.path" value="/Users/testvagrant/Documents/IntelliJ Projects/WebAutomation/WebAutomation/target/test-classes:/Users/testvagrant/Documents/IntelliJ Projects/WebAutomation/WebAutomation/target/classes:/Users/testvagrant/.m2/repository/org/testng/testng/7.10.2/testng-7.10.2.jar:/Users/testvagrant/.m2/repository/org/slf4j/slf4j-api/1.7.36/slf4j-api-1.7.36.jar:/Users/testvagrant/.m2/repository/com/beust/jcommander/1.82/jcommander-1.82.jar:/Users/testvagrant/.m2/repository/org/webjars/jquery/3.7.1/jquery-3.7.1.jar:/Users/testvagrant/.m2/repository/org/seleniumhq/selenium/selenium-java/4.25.0/selenium-java-4.25.0.jar:/Users/testvagrant/.m2/repository/org/seleniumhq/selenium/selenium-api/4.25.0/selenium-api-4.25.0.jar:/Users/testvagrant/.m2/repository/org/jspecify/jspecify/1.0.0/jspecify-1.0.0.jar:/Users/testvagrant/.m2/repository/org/seleniumhq/selenium/selenium-chrome-driver/4.25.0/selenium-chrome-driver-4.25.0.jar:/Users/testvagrant/.m2/repository/com/google/auto/service/auto-service-annotations/1.1.1/auto-service-annotations-1.1.1.jar:/Users/testvagrant/.m2/repository/org/seleniumhq/selenium/selenium-chromium-driver/4.25.0/selenium-chromium-driver-4.25.0.jar:/Users/testvagrant/.m2/repository/org/seleniumhq/selenium/selenium-json/4.25.0/selenium-json-4.25.0.jar:/Users/testvagrant/.m2/repository/org/seleniumhq/selenium/selenium-manager/4.25.0/selenium-manager-4.25.0.jar:/Users/testvagrant/.m2/repository/org/seleniumhq/selenium/selenium-devtools-v127/4.25.0/selenium-devtools-v127-4.25.0.jar:/Users/testvagrant/.m2/repository/org/seleniumhq/selenium/selenium-devtools-v128/4.25.0/selenium-devtools-v128-4.25.0.jar:/Users/testvagrant/.m2/repository/org/seleniumhq/selenium/selenium-devtools-v129/4.25.0/selenium-devtools-v129-4.25.0.jar:/Users/testvagrant/.m2/repository/org/seleniumhq/selenium/selenium-devtools-v85/4.25.0/selenium-devtools-v85-4.25.0.jar:/Users/testvagrant/.m2/repository/org/seleniumhq/selenium/selenium-edge-driver/4.25.0/selenium-edge-driver-4.25.0.jar:/Users/testvagrant/.m2/repository/org/seleniumhq/selenium/selenium-firefox-driver/4.25.0/selenium-firefox-driver-4.25.0.jar:/Users/testvagrant/.m2/repository/org/seleniumhq/selenium/selenium-http/4.25.0/selenium-http-4.25.0.jar:/Users/testvagrant/.m2/repository/dev/failsafe/failsafe/3.3.2/failsafe-3.3.2.jar:/Users/testvagrant/.m2/repository/org/seleniumhq/selenium/selenium-ie-driver/4.25.0/selenium-ie-driver-4.25.0.jar:/Users/testvagrant/.m2/repository/org/seleniumhq/selenium/selenium-remote-driver/4.25.0/selenium-remote-driver-4.25.0.jar:/Users/testvagrant/.m2/repository/com/google/guava/guava/33.3.0-jre/guava-33.3.0-jre.jar:/Users/testvagrant/.m2/repository/com/google/guava/failureaccess/1.0.2/failureaccess-1.0.2.jar:/Users/testvagrant/.m2/repository/com/google/guava/listenablefuture/9999.0-empty-to-avoid-conflict-with-guava/listenablefuture-9999.0-empty-to-avoid-conflict-with-guava.jar:/Users/testvagrant/.m2/repository/org/checkerframework/checker-qual/3.43.0/checker-qual-3.43.0.jar:/Users/testvagrant/.m2/repository/com/google/errorprone/error_prone_annotations/2.28.0/error_prone_annotations-2.28.0.jar:/Users/testvagrant/.m2/repository/com/google/j2objc/j2objc-annotations/3.0.0/j2objc-annotations-3.0.0.jar:/Users/testvagrant/.m2/repository/io/opentelemetry/semconv/opentelemetry-semconv/1.25.0-alpha/opentelemetry-semconv-1.25.0-alpha.jar:/Users/testvagrant/.m2/repository/io/opentelemetry/opentelemetry-api/1.42.1/opentelemetry-api-1.42.1.jar:/Users/testvagrant/.m2/repository/io/opentelemetry/opentelemetry-context/1.42.1/opentelemetry-context-1.42.1.jar:/Users/testvagrant/.m2/repository/io/opentelemetry/opentelemetry-exporter-logging/1.42.1/opentelemetry-exporter-logging-1.42.1.jar:/Users/testvagrant/.m2/repository/io/opentelemetry/opentelemetry-sdk-common/1.42.1/opentelemetry-sdk-common-1.42.1.jar:/Users/testvagrant/.m2/repository/io/opentelemetry/opentelemetry-sdk-extension-autoconfigure-spi/1.42.1/opentelemetry-sdk-extension-autoconfigure-spi-1.42.1.jar:/Users/testvagrant/.m2/repository/io/opentelemetry/opentelemetry-sdk-extension-autoconfigure/1.42.1/opentelemetry-sdk-extension-autoconfigure-1.42.1.jar:/Users/testvagrant/.m2/repository/io/opentelemetry/opentelemetry-api-incubator/1.42.1-alpha/opentelemetry-api-incubator-1.42.1-alpha.jar:/Users/testvagrant/.m2/repository/io/opentelemetry/opentelemetry-sdk-trace/1.42.1/opentelemetry-sdk-trace-1.42.1.jar:/Users/testvagrant/.m2/repository/io/opentelemetry/opentelemetry-sdk/1.42.1/opentelemetry-sdk-1.42.1.jar:/Users/testvagrant/.m2/repository/io/opentelemetry/opentelemetry-sdk-metrics/1.42.1/opentelemetry-sdk-metrics-1.42.1.jar:/Users/testvagrant/.m2/repository/io/opentelemetry/opentelemetry-sdk-logs/1.42.1/opentelemetry-sdk-logs-1.42.1.jar:/Users/testvagrant/.m2/repository/net/bytebuddy/byte-buddy/1.15.1/byte-buddy-1.15.1.jar:/Users/testvagrant/.m2/repository/org/seleniumhq/selenium/selenium-os/4.25.0/selenium-os-4.25.0.jar:/Users/testvagrant/.m2/repository/org/apache/commons/commons-exec/1.4.0/commons-exec-1.4.0.jar:/Users/testvagrant/.m2/repository/org/seleniumhq/selenium/selenium-safari-driver/4.25.0/selenium-safari-driver-4.25.0.jar:/Users/testvagrant/.m2/repository/org/seleniumhq/selenium/selenium-support/4.25.0/selenium-support-4.25.0.jar:/Users/testvagrant/.m2/repository/io/rest-assured/rest-assured/5.3.0/rest-assured-5.3.0.jar:/Users/testvagrant/.m2/repository/org/apache/groovy/groovy/4.0.6/groovy-4.0.6.jar:/Users/testvagrant/.m2/repository/org/apache/groovy/groovy-xml/4.0.6/groovy-xml-4.0.6.jar:/Users/testvagrant/.m2/repository/org/apache/httpcomponents/httpclient/4.5.13/httpclient-4.5.13.jar:/Users/testvagrant/.m2/repository/org/apache/httpcomponents/httpcore/4.4.13/httpcore-4.4.13.jar:/Users/testvagrant/.m2/repository/commons-logging/commons-logging/1.2/commons-logging-1.2.jar:/Users/testvagrant/.m2/repository/commons-codec/commons-codec/1.11/commons-codec-1.11.jar:/Users/testvagrant/.m2/repository/org/apache/httpcomponents/httpmime/4.5.13/httpmime-4.5.13.jar:/Users/testvagrant/.m2/repository/org/hamcrest/hamcrest/2.1/hamcrest-2.1.jar:/Users/testvagrant/.m2/repository/org/ccil/cowan/tagsoup/tagsoup/1.2.1/tagsoup-1.2.1.jar:/Users/testvagrant/.m2/repository/io/rest-assured/json-path/5.3.0/json-path-5.3.0.jar:/Users/testvagrant/.m2/repository/org/apache/groovy/groovy-json/4.0.6/groovy-json-4.0.6.jar:/Users/testvagrant/.m2/repository/io/rest-assured/rest-assured-common/5.3.0/rest-assured-common-5.3.0.jar:/Users/testvagrant/.m2/repository/io/rest-assured/xml-path/5.3.0/xml-path-5.3.0.jar:/Users/testvagrant/.m2/repository/io/rest-assured/json-schema-validator/5.3.0/json-schema-validator-5.3.0.jar:/Users/testvagrant/.m2/repository/com/github/java-json-tools/json-schema-validator/2.2.14/json-schema-validator-2.2.14.jar:/Users/testvagrant/.m2/repository/com/github/java-json-tools/jackson-coreutils-equivalence/1.0/jackson-coreutils-equivalence-1.0.jar:/Users/testvagrant/.m2/repository/com/github/java-json-tools/jackson-coreutils/2.0/jackson-coreutils-2.0.jar:/Users/testvagrant/.m2/repository/com/github/java-json-tools/msg-simple/1.2/msg-simple-1.2.jar:/Users/testvagrant/.m2/repository/com/github/java-json-tools/btf/1.3/btf-1.3.jar:/Users/testvagrant/.m2/repository/com/github/java-json-tools/json-schema-core/1.2.14/json-schema-core-1.2.14.jar:/Users/testvagrant/.m2/repository/com/github/java-json-tools/uri-template/0.10/uri-template-0.10.jar:/Users/testvagrant/.m2/repository/org/mozilla/rhino/1.7.7.2/rhino-1.7.7.2.jar:/Users/testvagrant/.m2/repository/com/sun/mail/mailapi/1.6.2/mailapi-1.6.2.jar:/Users/testvagrant/.m2/repository/joda-time/joda-time/2.10.5/joda-time-2.10.5.jar:/Users/testvagrant/.m2/repository/com/googlecode/libphonenumber/libphonenumber/8.11.1/libphonenumber-8.11.1.jar:/Users/testvagrant/.m2/repository/com/google/code/findbugs/jsr305/3.0.2/jsr305-3.0.2.jar:/Users/testvagrant/.m2/repository/net/sf/jopt-simple/jopt-simple/5.0.4/jopt-simple-5.0.4.jar:/Users/testvagrant/.m2/repository/com/fasterxml/jackson/core/jackson-databind/2.13.0/jackson-databind-2.13.0.jar:/Users/testvagrant/.m2/repository/com/fasterxml/jackson/core/jackson-annotations/2.13.0/jackson-annotations-2.13.0.jar:/Users/testvagrant/.m2/repository/com/fasterxml/jackson/core/jackson-core/2.13.0/jackson-core-2.13.0.jar:/Users/testvagrant/.m2/repository/io/github/bonigarcia/webdrivermanager/5.4.1/webdrivermanager-5.4.1.jar:/Users/testvagrant/.m2/repository/com/google/code/gson/gson/2.10.1/gson-2.10.1.jar:/Users/testvagrant/.m2/repository/com/github/docker-java/docker-java/3.3.2/docker-java-3.3.2.jar:/Users/testvagrant/.m2/repository/com/github/docker-java/docker-java-core/3.3.2/docker-java-core-3.3.2.jar:/Users/testvagrant/.m2/repository/com/github/docker-java/docker-java-api/3.3.2/docker-java-api-3.3.2.jar:/Users/testvagrant/.m2/repository/commons-io/commons-io/2.6/commons-io-2.6.jar:/Users/testvagrant/.m2/repository/org/apache/commons/commons-compress/1.21/commons-compress-1.21.jar:/Users/testvagrant/.m2/repository/org/bouncycastle/bcpkix-jdk15on/1.64/bcpkix-jdk15on-1.64.jar:/Users/testvagrant/.m2/repository/org/bouncycastle/bcprov-jdk15on/1.64/bcprov-jdk15on-1.64.jar:/Users/testvagrant/.m2/repository/org/slf4j/jcl-over-slf4j/1.7.30/jcl-over-slf4j-1.7.30.jar:/Users/testvagrant/.m2/repository/com/github/docker-java/docker-java-transport-httpclient5/3.3.2/docker-java-transport-httpclient5-3.3.2.jar:/Users/testvagrant/.m2/repository/com/github/docker-java/docker-java-transport/3.3.2/docker-java-transport-3.3.2.jar:/Users/testvagrant/.m2/repository/net/java/dev/jna/jna/5.12.1/jna-5.12.1.jar:/Users/testvagrant/.m2/repository/org/brotli/dec/0.1.2/dec-0.1.2.jar:/Users/testvagrant/.m2/repository/org/apache/commons/commons-lang3/3.12.0/commons-lang3-3.12.0.jar:/Users/testvagrant/.m2/repository/org/apache/httpcomponents/client5/httpclient5/5.2.1/httpclient5-5.2.1.jar:/Users/testvagrant/.m2/repository/org/apache/httpcomponents/core5/httpcore5/5.2/httpcore5-5.2.jar:/Users/testvagrant/.m2/repository/org/apache/httpcomponents/core5/httpcore5-h2/5.2/httpcore5-h2-5.2.jar:/Users/testvagrant/.m2/repository/junit/junit/4.13.2/junit-4.13.2.jar:/Users/testvagrant/.m2/repository/org/hamcrest/hamcrest-core/1.3/hamcrest-core-1.3.jar:/Users/testvagrant/.m2/repository/com/aventstack/extentreports/5.1.1/extentreports-5.1.1.jar:/Users/testvagrant/.m2/repository/io/reactivex/rxjava3/rxjava/3.1.6/rxjava-3.1.6.jar:/Users/testvagrant/.m2/repository/org/reactivestreams/reactive-streams/1.0.4/reactive-streams-1.0.4.jar:/Users/testvagrant/.m2/repository/org/freemarker/freemarker/2.3.32/freemarker-2.3.32.jar:/Users/testvagrant/.m2/repository/org/projectlombok/lombok/1.18.26/lombok-1.18.26.jar:"/>
    <property name="sun.cpu.endian" value="little"/>
    <property name="user.home" value="/Users/testvagrant"/>
    <property name="user.language" value="en"/>
    <property name="java.specification.vendor" value="Oracle Corporation"/>
    <property name="java.version.date" value="2024-10-15"/>
    <property name="java.home" value="/usr/local/Cellar/openjdk/23.0.1/libexec/openjdk.jdk/Contents/Home"/>
    <property name="file.separator" value="/"/>
    <property name="basedir" value="/Users/testvagrant/Documents/IntelliJ Projects/WebAutomation/WebAutomation"/>
    <property name="java.vm.compressedOopsMode" value="Zero based"/>
    <property name="line.separator" value="&#10;"/>
    <property name="java.vm.specification.vendor" value="Oracle Corporation"/>
    <property name="java.specification.name" value="Java Platform API Specification"/>
    <property name="apple.awt.application.name" value="ForkedBooter"/>
    <property name="surefire.real.class.path" value="/Users/testvagrant/Documents/IntelliJ Projects/WebAutomation/WebAutomation/target/surefire/surefirebooter-20241108174255165_3.jar"/>
    <property name="sun.management.compiler" value="HotSpot 64-Bit Tiered Compilers"/>
    <property name="ftp.nonProxyHosts" value="local|*.local|169.254/16|*.169.254/16"/>
    <property name="java.runtime.version" value="23.0.1"/>
    <property name="user.name" value="testvagrant"/>
    <property name="stdout.encoding" value="UTF-8"/>
    <property name="path.separator" value=":"/>
    <property name="os.version" value="15.0.1"/>
    <property name="java.runtime.name" value="OpenJDK Runtime Environment"/>
    <property name="file.encoding" value="UTF-8"/>
    <property name="java.vm.name" value="OpenJDK 64-Bit Server VM"/>
    <property name="java.vendor.version" value="Homebrew"/>
    <property name="localRepository" value="/Users/testvagrant/.m2/repository"/>
    <property name="java.vendor.url.bug" value="https://github.com/Homebrew/homebrew-core/issues"/>
    <property name="java.io.tmpdir" value="/var/folders/9_/31lq2kqj0xj0sjf96zhr155r0000gn/T/"/>
    <property name="java.version" value="23.0.1"/>
    <property name="user.dir" value="/Users/testvagrant/Documents/IntelliJ Projects/WebAutomation/WebAutomation"/>
    <property name="os.arch" value="x86_64"/>
    <property name="java.vm.specification.name" value="Java Virtual Machine Specification"/>
    <property name="native.encoding" value="UTF-8"/>
    <property name="java.library.path" value="/Users/testvagrant/Library/Java/Extensions:/Library/Java/Extensions:/Network/Library/Java/Extensions:/System/Library/Java/Extensions:/usr/lib/java:."/>
    <property name="java.vm.info" value="mixed mode, sharing"/>
    <property name="stderr.encoding" value="UTF-8"/>
    <property name="java.vendor" value="Homebrew"/>
    <property name="java.vm.version" value="23.0.1"/>
    <property name="sun.io.unicode.encoding" value="UnicodeBig"/>
    <property name="socksNonProxyHosts" value="local|*.local|169.254/16|*.169.254/16"/>
    <property name="java.class.version" value="67.0"/>
  </properties>
  <testcase name="testApiLists" classname="com.truecodes.APIDocTest" time="27.824">
    <system-out><![CDATA[API URL: https://automationexercise.com/api/productsList
Request Method: GET
Response Code: 200
Response JSON: All products list
Assertions passed: Request Method is GET and Response Code is 200.
API URL: https://automationexercise.com/api/productsList
Request Method: POST
Response Code: 405
Response JSON: This request method is not supported.
Assertions passed: Request Method is POST and Response Code is 405.
API URL: https://automationexercise.com/api/brandsList
Request Method: PUT
Response Code: 405
Response Message: This request method is not supported.
Assertions passed: Request Method is GET and Response Code is 200.
API URL: https://automationexercise.com/api/verifyLogin
Request Method: DELETE
Response Code: 405
Response Message: This request method is not supported.
Assertions passed: Request Method is DELETE and Response Code is 405.
API URL: https://automationexercise.com/api/getUserDetailByEmail
Request Method: GET
Request Parameters: email
Response Code: 200
Response JSON: User Detail
Assertions passed: Request Method is PUT and Response Code is 200.
]]></system-out>
    <system-err><![CDATA[SLF4J: Failed to load class "org.slf4j.impl.StaticLoggerBinder".
SLF4J: Defaulting to no-operation (NOP) logger implementation
SLF4J: See http://www.slf4j.org/codes.html#StaticLoggerBinder for further details.
Nov 08, 2024 5:42:57 PM org.openqa.selenium.devtools.CdpVersionFinder findNearestMatch
WARNING: Unable to find an exact match for CDP version 130, returning the closest version; found: 129; Please update to a Selenium version that supports CDP version 130
]]></system-err>
  </testcase>
  <testcase name="validateApi1" classname="com.truecodes.APIDocTest" time="4.134">
    <system-out><![CDATA[Response: {"responseCode": 200, "products": [{"id": 1, "name": "Blue Top", "price": "Rs. 500", "brand": "Polo", "category": {"usertype": {"usertype": "Women"}, "category": "Tops"}}, {"id": 2, "name": "Men Tshirt", "price": "Rs. 400", "brand": "H&M", "category": {"usertype": {"usertype": "Men"}, "category": "Tshirts"}}, {"id": 3, "name": "Sleeveless Dress", "price": "Rs. 1000", "brand": "Madame", "category": {"usertype": {"usertype": "Women"}, "category": "Dress"}}, {"id": 4, "name": "Stylish Dress", "price": "Rs. 1500", "brand": "Madame", "category": {"usertype": {"usertype": "Women"}, "category": "Dress"}}, {"id": 5, "name": "Winter Top", "price": "Rs. 600", "brand": "Mast & Harbour", "category": {"usertype": {"usertype": "Women"}, "category": "Tops"}}, {"id": 6, "name": "Summer White Top", "price": "Rs. 400", "brand": "H&M", "category": {"usertype": {"usertype": "Women"}, "category": "Tops"}}, {"id": 7, "name": "Madame Top For Women", "price": "Rs. 1000", "brand": "Madame", "category": {"usertype": {"usertype": "Women"}, "category": "Tops"}}, {"id": 8, "name": "Fancy Green Top", "price": "Rs. 700", "brand": "Polo", "category": {"usertype": {"usertype": "Women"}, "category": "Tops"}}, {"id": 11, "name": "Sleeves Printed Top - White", "price": "Rs. 499", "brand": "Babyhug", "category": {"usertype": {"usertype": "Kids"}, "category": "Tops & Shirts"}}, {"id": 12, "name": "Half Sleeves Top Schiffli Detailing - Pink", "price": "Rs. 359", "brand": "Babyhug", "category": {"usertype": {"usertype": "Kids"}, "category": "Tops & Shirts"}}, {"id": 13, "name": "Frozen Tops For Kids", "price": "Rs. 278", "brand": "Allen Solly Junior", "category": {"usertype": {"usertype": "Kids"}, "category": "Tops & Shirts"}}, {"id": 14, "name": "Full Sleeves Top Cherry - Pink", "price": "Rs. 679", "brand": "Kookie Kids", "category": {"usertype": {"usertype": "Kids"}, "category": "Tops & Shirts"}}, {"id": 15, "name": "Printed Off Shoulder Top - White", "price": "Rs. 315", "brand": "Babyhug", "category": {"usertype": {"usertype": "Kids"}, "category": "Tops & Shirts"}}, {"id": 16, "name": "Sleeves Top and Short - Blue & Pink", "price": "Rs. 478", "brand": "Babyhug", "category": {"usertype": {"usertype": "Kids"}, "category": "Dress"}}, {"id": 18, "name": "Little Girls Mr. Panda Shirt", "price": "Rs. 1200", "brand": "Kookie Kids", "category": {"usertype": {"usertype": "Kids"}, "category": "Tops & Shirts"}}, {"id": 19, "name": "Sleeveless Unicorn Patch Gown - Pink", "price": "Rs. 1050", "brand": "Allen Solly Junior", "category": {"usertype": {"usertype": "Kids"}, "category": "Dress"}}, {"id": 20, "name": "Cotton Mull Embroidered Dress", "price": "Rs. 1190", "brand": "Kookie Kids", "category": {"usertype": {"usertype": "Kids"}, "category": "Dress"}}, {"id": 21, "name": "Blue Cotton Indie Mickey Dress", "price": "Rs. 1530", "brand": "Biba", "category": {"usertype": {"usertype": "Kids"}, "category": "Dress"}}, {"id": 22, "name": "Long Maxi Tulle Fancy Dress Up Outfits -Pink", "price": "Rs. 1600", "brand": "Biba", "category": {"usertype": {"usertype": "Kids"}, "category": "Dress"}}, {"id": 23, "name": "Sleeveless Unicorn Print Fit & Flare Net Dress - Multi", "price": "Rs. 1100", "brand": "Biba", "category": {"usertype": {"usertype": "Kids"}, "category": "Dress"}}, {"id": 24, "name": "Colour Blocked Shirt \u2013 Sky Blue", "price": "Rs. 849", "brand": "Allen Solly Junior", "category": {"usertype": {"usertype": "Kids"}, "category": "Tops & Shirts"}}, {"id": 28, "name": "Pure Cotton V-Neck T-Shirt", "price": "Rs. 1299", "brand": "H&M", "category": {"usertype": {"usertype": "Men"}, "category": "Tshirts"}}, {"id": 29, "name": "Green Side Placket Detail T-Shirt", "price": "Rs. 1000", "brand": "Polo", "category": {"usertype": {"usertype": "Men"}, "category": "Tshirts"}}, {"id": 30, "name": "Premium Polo T-Shirts", "price": "Rs. 1500", "brand": "Polo", "category": {"usertype": {"usertype": "Men"}, "category": "Tshirts"}}, {"id": 31, "name": "Pure Cotton Neon Green Tshirt", "price": "Rs. 850", "brand": "H&M", "category": {"usertype": {"usertype": "Men"}, "category": "Tshirts"}}, {"id": 33, "name": "Soft Stretch Jeans", "price": "Rs. 799", "brand": "Polo", "category": {"usertype": {"usertype": "Men"}, "category": "Jeans"}}, {"id": 35, "name": "Regular Fit Straight Jeans", "price": "Rs. 1200", "brand": "H&M", "category": {"usertype": {"usertype": "Men"}, "category": "Jeans"}}, {"id": 37, "name": "Grunt Blue Slim Fit Jeans", "price": "Rs. 1400", "brand": "Polo", "category": {"usertype": {"usertype": "Men"}, "category": "Jeans"}}, {"id": 38, "name": "Rose Pink Embroidered Maxi Dress", "price": "Rs. 2300", "brand": "Madame", "category": {"usertype": {"usertype": "Women"}, "category": "Dress"}}, {"id": 39, "name": "Cotton Silk Hand Block Print Saree", "price": "Rs. 3000", "brand": "Biba", "category": {"usertype": {"usertype": "Women"}, "category": "Saree"}}, {"id": 40, "name": "Rust Red Linen Saree", "price": "Rs. 3500", "brand": "Biba", "category": {"usertype": {"usertype": "Women"}, "category": "Saree"}}, {"id": 41, "name": "Beautiful Peacock Blue Cotton Linen Saree", "price": "Rs. 5000", "brand": "Madame", "category": {"usertype": {"usertype": "Women"}, "category": "Saree"}}, {"id": 42, "name": "Lace Top For Women", "price": "Rs. 1400", "brand": "Mast & Harbour", "category": {"usertype": {"usertype": "Women"}, "category": "Tops"}}, {"id": 43, "name": "GRAPHIC DESIGN MEN T SHIRT - BLUE", "price": "Rs. 1389", "brand": "Mast & Harbour", "category": {"usertype": {"usertype": "Men"}, "category": "Tshirts"}}]}
Total number of products: 34
Response matches the expected schema.
]]></system-out>
  </testcase>
  <testcase name="validateApi2" classname="com.truecodes.APIDocTest" time="0.328">
    <system-out><![CDATA[Response Body: {"responseCode": 405, "message": "This request method is not supported."}
]]></system-out>
  </testcase>
  <testcase name="validateApi4" classname="com.truecodes.APIDocTest" time="0.388">
    <system-out><![CDATA[Response Body: {"responseCode": 405, "message": "This request method is not supported."}
]]></system-out>
  </testcase>
  <testcase name="validateApi9" classname="com.truecodes.APIDocTest" time="1.128">
    <system-out><![CDATA[Response Body: {"responseCode": 405, "message": "This request method is not supported."}
]]></system-out>
  </testcase>
  <testcase name="validateApi14" classname="com.truecodes.APIDocTest" time="0.499">
    <system-out><![CDATA[Response Body: {"responseCode": 200, "user": {"id": 12771, "name": "Test", "email": "example@example.com", "title": "Mrs", "birth_day": "12", "birth_month": "4", "birth_year": "2002", "first_name": "Test", "last_name": "Test", "company": "", "address1": "First line of address", "address2": "", "country": "United States", "state": "Alabama", "city": "Alabama", "zipcode": "ABA-JASW"}}
]]></system-out>
  </testcase>
  <testcase name="footerSubsSection" classname="com.truecodes.HomePageElementTest" time="0.545"/>
  <testcase name="verifyBrandsSection" classname="com.truecodes.HomePageElementTest" time="0.136"/>
  <testcase name="verifyCarouselSlides" classname="com.truecodes.HomePageElementTest" time="0.046"/>
  <testcase name="verifyFeaturedSection" classname="com.truecodes.HomePageElementTest" time="0.419"/>
  <testcase name="verifyMenuOptions" classname="com.truecodes.HomePageElementTest" time="0.065"/>
  <testcase name="navigateMenTShirtTest" classname="com.truecodes.ShoppingCartFlowTest" time="23.022">
    <system-out><![CDATA[Men  Tshirt
Pure Cotton V-Neck T-Shirt
Green Side Placket Detail T-Shirt
Premium Polo T-Shirts
Pure Cotton Neon Green Tshirt
GRAPHIC DESIGN MEN T SHIRT - BLUE
]]></system-out>
  </testcase>
  <testcase name="neonGreenTshirtVisibiltiyTest" classname="com.truecodes.ShoppingCartFlowTest" time="0.436"/>
  <testcase name="verifyModal" classname="com.truecodes.ShoppingCartFlowTest" time="24.858"/>
</testsuite>