<?xml version="1.0" encoding="UTF-8"?>
<!-- Generated by org.testng.reporters.JUnitReportReporter -->
<testsuite hostname="TestVagrants-MacBook-Pro.local" failures="0" tests="3" name="com.truecodes.ShoppingCartFlowTest" time="48.313" errors="0" timestamp="2024-11-08T17:45:24 IST" skipped="0">
  <testcase classname="com.truecodes.ShoppingCartFlowTest" name="navigateMenTShirtTest" time="23.021"/>
  <testcase classname="com.truecodes.ShoppingCartFlowTest" name="neonGreenTshirtVisibiltiyTest" time="0.435"/>
  <testcase classname="com.truecodes.ShoppingCartFlowTest" name="verifyModal" time="24.857"/>
</testsuite> <!-- com.truecodes.ShoppingCartFlowTest -->
