<?xml version="1.0" encoding="UTF-8"?>
<!-- Generated by org.testng.reporters.JUnitReportReporter -->
<testsuite hostname="TestVagrants-MacBook-Pro.local" failures="0" tests="6" name="com.truecodes.APIDocTest" time="34.300" errors="0" timestamp="2024-11-08T17:45:24 IST" skipped="0">
  <testcase classname="com.truecodes.APIDocTest" name="testApiLists" time="27.822"/>
  <testcase classname="com.truecodes.APIDocTest" name="validateApi1" time="4.136"/>
  <testcase classname="com.truecodes.APIDocTest" name="validateApi2" time="0.328"/>
  <testcase classname="com.truecodes.APIDocTest" name="validateApi4" time="0.388"/>
  <testcase classname="com.truecodes.APIDocTest" name="validateApi9" time="1.127"/>
  <testcase classname="com.truecodes.APIDocTest" name="validateApi14" time="0.499"/>
</testsuite> <!-- com.truecodes.APIDocTest -->
