<?xml version="1.0" encoding="UTF-8"?>
<!-- Generated by org.testng.reporters.JUnitReportReporter -->
<testsuite hostname="TestVagrants-MacBook-Pro.local" failures="0" tests="5" name="com.truecodes.HomePageElementTest" time="1.211" errors="0" timestamp="2024-11-08T17:45:24 IST" skipped="0">
  <testcase classname="com.truecodes.HomePageElementTest" name="footerSubsSection" time="0.545"/>
  <testcase classname="com.truecodes.HomePageElementTest" name="verifyBrandsSection" time="0.135"/>
  <testcase classname="com.truecodes.HomePageElementTest" name="verifyMenuOptions" time="0.066"/>
  <testcase classname="com.truecodes.HomePageElementTest" name="verifyFeaturedSection" time="0.419"/>
  <testcase classname="com.truecodes.HomePageElementTest" name="verifyCarouselSlides" time="0.046"/>
</testsuite> <!-- com.truecodes.HomePageElementTest -->
